<?xml version="1.0" encoding="UTF-8"?>
<!-- Generated by org.testng.reporters.JUnitXMLReporter -->
<testsuite ignored="0" hostname="DESKTOP-4QB63RO" failures="1" tests="1" name="firefoxTest" time="60.169" errors="0" timestamp="2022-07-04T19:56:07 IST">
  <testcase classname="KiteTest.validatekiteUserID2ByProp" name="validateUserID" time="1.998">
    <failure type="java.lang.AssertionError" message="ELR321 expected:&amp;lt;ELR321&amp;gt; but was:&amp;lt;Actual And Expected are not matched TC are failed&amp;gt;">
      <![CDATA[java.lang.AssertionError: ELR321 expected:<ELR321> but was:<Actual And Expected are not matched TC are failed>
at KiteTest.validatekiteUserID2ByProp.validateUserID(validatekiteUserID2ByProp.java:70)
at java.base/java.util.ArrayList.forEach(ArrayList.java:1541)
... Removed 28 stack frames]]>
    </failure>
  </testcase> <!-- validateUserID -->
</testsuite> <!-- firefoxTest -->
