<?xml version="1.0" encoding="UTF-8"?>
<!-- Generated by org.testng.reporters.JUnitXMLReporter -->
<testsuite ignored="1" hostname="DESKTOP-4QB63RO" failures="1" tests="2" name="Default test(failed)(failed)(failed)" time="0.165" errors="0" timestamp="2022-06-27T20:12:42 IST">
  <testcase classname="TestNGkyeword.priority" name="bc" time="0.019"/>
  <testcase classname="TestNGkyeword.priority" name="cd" time="0.017">
    <failure type="java.lang.AssertionError" message="null">
      <![CDATA[java.lang.AssertionError: null
at TestNGkyeword.priority.cd(priority.java:24)
at java.base/java.util.ArrayList.forEach(ArrayList.java:1541)
... Removed 29 stack frames]]>
    </failure>
  </testcase> <!-- cd -->
  <testcase classname="TestNGkyeword.priority" name="ab" time="0.0">
    <ignored/>
  </testcase> <!-- ab -->
</testsuite> <!-- Default test(failed)(failed)(failed) -->
